<?xml version="1.0" encoding="UTF-8"?>
<!-- Generated by org.testng.reporters.JUnitXMLReporter -->
<testsuite ignored="1" hostname="PMCLAP1516-0222" failures="0" tests="2" name="SubmitOrder" time="61.594" errors="0" timestamp="2024-04-03T11:08:23 IST">
  <testcase classname="automationFrameDesign.tests.IndependentTest" name="submitOrder" time="26.302"/>
  <testcase classname="automationFrameDesign.tests.IndependentTest" name="submitOrder" time="26.222"/>
  <testcase classname="automationFrameDesign.tests.IndependentTest" name="orderInfoHistory" time="0.0">
    <ignored/>
  </testcase> <!-- orderInfoHistory -->
</testsuite> <!-- SubmitOrder -->
