<?xml version="1.0" encoding="UTF-8"?>
<!-- Generated by org.testng.reporters.JUnitXMLReporter -->
<testsuite ignored="2" hostname="PMCLAP1516-0222" failures="0" tests="0" time="0.018" errors="0" timestamp="2024-04-08T10:40:35 IST">
  <testcase classname="automationFrameDesign.tests.errorValidations" name="loginErrorValidation" time="0.0">
    <ignored/>
  </testcase> <!-- loginErrorValidation -->
  <testcase classname="automationFrameDesign.tests.errorValidations" name="productErrorVaildation" time="0.0">
    <ignored/>
  </testcase> <!-- productErrorVaildation -->
</testsuite>
