<?xml version="1.0" encoding="UTF-8"?>
<!-- Generated by org.testng.reporters.JUnitXMLReporter -->
<testsuite ignored="1" hostname="PMCLAP1516-0222" failures="0" tests="2" name="SubmitOrder" time="58.972" errors="0" timestamp="2024-04-08T10:41:34 IST">
  <testcase classname="automationFrameDesign.tests.IndependentTest" name="submitOrder" time="26.378"/>
  <testcase classname="automationFrameDesign.tests.IndependentTest" name="submitOrder" time="26.354"/>
  <testcase classname="automationFrameDesign.tests.IndependentTest" name="orderInfoHistory" time="0.0">
    <ignored/>
  </testcase> <!-- orderInfoHistory -->
</testsuite> <!-- SubmitOrder -->
